********************************************************************************
DUPLICATOR-LITE PACKAGE-LOG: 2022-03-03 12:39 pm
NOTICE: Do NOT post to public sites or forums 
********************************************************************************
VERSION:	1.4.4
WORDPRESS:	5.9.1
PHP INFO:	7.4.1 | SAPI: fpm-fcgi
SERVER:		nginx/1.16.0 
PHP TIME LIMIT: (0) no time limit imposed 
PHP MAX MEMORY: 4294967296 (256M default) 
MEMORY STACK: 2MB

********************************************************************************
DATABASE:
********************************************************************************
BUILD MODE:   PHP(query limit - 100)
MYSQLTIMEOUT: 5000
MYSQLDUMP:    Not Supported
TABLES: total:13 | filtered:0 | create:13
FILTERED: []
SQL CREATED: 20220303_samuraiuniversity_cc8d5ee2c11a0e2a7920_20220303123943_database.sql
SQL FILE SIZE: 981.12KB (1004671)
SQL FILE TIME: 2022-03-03 12:39:53
SQL RUNTIME: 0.25 sec.

********************************************************************************
ARCHIVE (ZIP):
********************************************************************************
ARCHIVE DIR:  /Users/nanzhiye/Local Sites/samurai-university/app/public
ARCHIVE FILE: 20220303_samuraiuniversity_cc8d5ee2c11a0e2a7920_20220303123943_archive.zip
FILTERS: *OFF*
DIRS:
	not set
FILES:
	not set
EXTS:  not set
----------------------------------------
COMPRESSING
SIZE:	96MB
STATS:	Dirs 473 | Files 3,858
SQL ADDED: 20220303_samuraiuniversity_cc8d5ee2c11a0e2a7920_20220303123943_database.sql
ZipArchive Object
(
    [status] => 0
    [statusSys] => 0
    [numFiles] => 4331
    [filename] => /Users/nanzhiye/Local Sites/samurai-university/app/public/wp-content/backups-dup-lite/tmp/20220303_samuraiuniversity_cc8d5ee2c11a0e2a7920_20220303123943_archive.zip
    [comment] => 
)

FILE ADDED TO ZIP: 4330
COMPRESSION RESULT: '1'
COMPRESSED SIZE: 37.33MB
ARCHIVE RUNTIME: 4.81 sec.
MEMORY STACK: 4MB
building installer
add_extra_files1
add_extra_files2
add_extra_files3
add_extra_files4
Doing archive file check
add_extra_files5
add_extra_files6
add_extra_files8
Successfully opened zip /Users/nanzhiye/Local Sites/samurai-university/app/public/wp-content/backups-dup-lite/tmp/20220303_samuraiuniversity_cc8d5ee2c11a0e2a7920_20220303123943_archive.zip
Adding enhanced installer files to archive using ZipArchive
Installer files added to archive
Added to archive
After ziparchive close when adding installer

********************************************************************************
INTEGRITY CHECKS:
********************************************************************************
SQL FILE: 981.12KB
INSTALLER FILE: 64.6KB
ARCHIVE FILE: 38.35MB 
EXPECTED FILE/DIRECTORY COUNT: 4,331
ACTUAL FILE/DIRECTORY COUNT: 4,330
ARCHIVE CONSISTENCY TEST: Pass

********************************************************************************
RECORD ID:[1]
TOTAL PROCESS RUNTIME: 6.00 sec.
PEAK PHP MEMORY USED: 6MB
DONE PROCESSING => 20220303_samuraiuniversity 2022-03-03 12:39 pm

