[22-Feb-2022 20:19:10 UTC] PHP Fatal error:  Uncaught Error: Call to undefined function get_template_dlrectory_uri() in /Users/nanzhiye/Local Sites/samurai-university/app/public/wp-content/themes/samurai_university/footer.php:11
Stack trace:
#0 /Users/nanzhiye/Local Sites/samurai-university/app/public/wp-includes/template.php(770): require_once()
#1 /Users/nanzhiye/Local Sites/samurai-university/app/public/wp-includes/template.php(716): load_template('/Users/nanzhiye...', true, Array)
#2 /Users/nanzhiye/Local Sites/samurai-university/app/public/wp-includes/general-template.php(92): locate_template(Array, true, true, Array)
#3 /Users/nanzhiye/Local Sites/samurai-university/app/public/wp-content/themes/samurai_university/front-page.php(430): get_footer()
#4 /Users/nanzhiye/Local Sites/samurai-university/app/public/wp-includes/template-loader.php(106): include('/Users/nanzhiye...')
#5 /Users/nanzhiye/Local Sites/samurai-university/app/public/wp-blog-header.php(19): require_once('/Users/nanzhiye...')
#6 /Users/nanzhiye/Local Sites/samurai-university/app/pub in /Users/nanzhiye/Local Sites/samurai-university/app/public/wp-content/themes/samurai_university/footer.php on line 11
[22-Feb-2022 20:33:35 UTC] PHP Fatal error:  Uncaught Error: Call to undefined function get_teplate_directory_uri() in /Users/nanzhiye/Local Sites/samurai-university/app/public/wp-content/themes/samurai_university/front-page.php:329
Stack trace:
#0 /Users/nanzhiye/Local Sites/samurai-university/app/public/wp-includes/template-loader.php(106): include()
#1 /Users/nanzhiye/Local Sites/samurai-university/app/public/wp-blog-header.php(19): require_once('/Users/nanzhiye...')
#2 /Users/nanzhiye/Local Sites/samurai-university/app/public/index.php(17): require('/Users/nanzhiye...')
#3 {main}
  thrown in /Users/nanzhiye/Local Sites/samurai-university/app/public/wp-content/themes/samurai_university/front-page.php on line 329
[22-Feb-2022 20:33:48 UTC] PHP Fatal error:  Uncaught Error: Call to undefined function get_teplate_directory_uri() in /Users/nanzhiye/Local Sites/samurai-university/app/public/wp-content/themes/samurai_university/front-page.php:329
Stack trace:
#0 /Users/nanzhiye/Local Sites/samurai-university/app/public/wp-includes/template-loader.php(106): include()
#1 /Users/nanzhiye/Local Sites/samurai-university/app/public/wp-blog-header.php(19): require_once('/Users/nanzhiye...')
#2 /Users/nanzhiye/Local Sites/samurai-university/app/public/index.php(17): require('/Users/nanzhiye...')
#3 {main}
  thrown in /Users/nanzhiye/Local Sites/samurai-university/app/public/wp-content/themes/samurai_university/front-page.php on line 329
[22-Feb-2022 20:41:37 UTC] PHP Fatal error:  Uncaught Error: Call to undefined function get_teplate_directory_uri() in /Users/nanzhiye/Local Sites/samurai-university/app/public/wp-content/themes/samurai_university/front-page.php:329
Stack trace:
#0 /Users/nanzhiye/Local Sites/samurai-university/app/public/wp-includes/template-loader.php(106): include()
#1 /Users/nanzhiye/Local Sites/samurai-university/app/public/wp-blog-header.php(19): require_once('/Users/nanzhiye...')
#2 /Users/nanzhiye/Local Sites/samurai-university/app/public/index.php(17): require('/Users/nanzhiye...')
#3 {main}
  thrown in /Users/nanzhiye/Local Sites/samurai-university/app/public/wp-content/themes/samurai_university/front-page.php on line 329
[23-Feb-2022 07:43:02 UTC] PHP Fatal error:  Uncaught Error: Call to undefined function get_teplate_directory_uri() in /Users/nanzhiye/Local Sites/samurai-university/app/public/wp-content/themes/samurai_university/front-page.php:329
Stack trace:
#0 /Users/nanzhiye/Local Sites/samurai-university/app/public/wp-includes/template-loader.php(106): include()
#1 /Users/nanzhiye/Local Sites/samurai-university/app/public/wp-blog-header.php(19): require_once('/Users/nanzhiye...')
#2 /Users/nanzhiye/Local Sites/samurai-university/app/public/index.php(17): require('/Users/nanzhiye...')
#3 {main}
  thrown in /Users/nanzhiye/Local Sites/samurai-university/app/public/wp-content/themes/samurai_university/front-page.php on line 329
[23-Feb-2022 07:45:42 UTC] PHP Fatal error:  Uncaught Error: Call to undefined function get_teplate_directory_uri() in /Users/nanzhiye/Local Sites/samurai-university/app/public/wp-content/themes/samurai_university/front-page.php:329
Stack trace:
#0 /Users/nanzhiye/Local Sites/samurai-university/app/public/wp-includes/template-loader.php(106): include()
#1 /Users/nanzhiye/Local Sites/samurai-university/app/public/wp-blog-header.php(19): require_once('/Users/nanzhiye...')
#2 /Users/nanzhiye/Local Sites/samurai-university/app/public/index.php(17): require('/Users/nanzhiye...')
#3 {main}
  thrown in /Users/nanzhiye/Local Sites/samurai-university/app/public/wp-content/themes/samurai_university/front-page.php on line 329
[23-Feb-2022 07:46:52 UTC] PHP Fatal error:  Uncaught Error: Call to undefined function get_teplate_directory_uri() in /Users/nanzhiye/Local Sites/samurai-university/app/public/wp-content/themes/samurai_university/front-page.php:329
Stack trace:
#0 /Users/nanzhiye/Local Sites/samurai-university/app/public/wp-includes/template-loader.php(106): include()
#1 /Users/nanzhiye/Local Sites/samurai-university/app/public/wp-blog-header.php(19): require_once('/Users/nanzhiye...')
#2 /Users/nanzhiye/Local Sites/samurai-university/app/public/index.php(17): require('/Users/nanzhiye...')
#3 {main}
  thrown in /Users/nanzhiye/Local Sites/samurai-university/app/public/wp-content/themes/samurai_university/front-page.php on line 329
[23-Feb-2022 10:08:36 UTC] PHP Fatal error:  Uncaught Error: Call to undefined function get_teplate_directory_uri() in /Users/nanzhiye/Local Sites/samurai-university/app/public/wp-content/themes/samurai_university/front-page.php:331
Stack trace:
#0 /Users/nanzhiye/Local Sites/samurai-university/app/public/wp-includes/template-loader.php(106): include()
#1 /Users/nanzhiye/Local Sites/samurai-university/app/public/wp-blog-header.php(19): require_once('/Users/nanzhiye...')
#2 /Users/nanzhiye/Local Sites/samurai-university/app/public/index.php(17): require('/Users/nanzhiye...')
#3 {main}
  thrown in /Users/nanzhiye/Local Sites/samurai-university/app/public/wp-content/themes/samurai_university/front-page.php on line 331
[23-Feb-2022 10:21:23 UTC] PHP Fatal error:  Uncaught Error: Call to undefined function get_teplate_directory_uri() in /Users/nanzhiye/Local Sites/samurai-university/app/public/wp-content/themes/samurai_university/front-page.php:327
Stack trace:
#0 /Users/nanzhiye/Local Sites/samurai-university/app/public/wp-includes/template-loader.php(106): include()
#1 /Users/nanzhiye/Local Sites/samurai-university/app/public/wp-blog-header.php(19): require_once('/Users/nanzhiye...')
#2 /Users/nanzhiye/Local Sites/samurai-university/app/public/index.php(17): require('/Users/nanzhiye...')
#3 {main}
  thrown in /Users/nanzhiye/Local Sites/samurai-university/app/public/wp-content/themes/samurai_university/front-page.php on line 327
[23-Feb-2022 10:38:40 UTC] PHP Fatal error:  Uncaught Error: Call to undefined function get_teplate_directory_uri() in /Users/nanzhiye/Local Sites/samurai-university/app/public/wp-content/themes/samurai_university/front-page.php:327
Stack trace:
#0 /Users/nanzhiye/Local Sites/samurai-university/app/public/wp-includes/template-loader.php(106): include()
#1 /Users/nanzhiye/Local Sites/samurai-university/app/public/wp-blog-header.php(19): require_once('/Users/nanzhiye...')
#2 /Users/nanzhiye/Local Sites/samurai-university/app/public/index.php(17): require('/Users/nanzhiye...')
#3 {main}
  thrown in /Users/nanzhiye/Local Sites/samurai-university/app/public/wp-content/themes/samurai_university/front-page.php on line 327
[23-Feb-2022 10:57:36 UTC] PHP Fatal error:  Uncaught Error: Call to undefined function get_teplate_directory_uri() in /Users/nanzhiye/Local Sites/samurai-university/app/public/wp-content/themes/samurai_university/front-page.php:339
Stack trace:
#0 /Users/nanzhiye/Local Sites/samurai-university/app/public/wp-includes/template-loader.php(106): include()
#1 /Users/nanzhiye/Local Sites/samurai-university/app/public/wp-blog-header.php(19): require_once('/Users/nanzhiye...')
#2 /Users/nanzhiye/Local Sites/samurai-university/app/public/index.php(17): require('/Users/nanzhiye...')
#3 {main}
  thrown in /Users/nanzhiye/Local Sites/samurai-university/app/public/wp-content/themes/samurai_university/front-page.php on line 339
[23-Feb-2022 11:03:34 UTC] PHP Fatal error:  Uncaught Error: Call to undefined function get_teplate_directory_uri() in /Users/nanzhiye/Local Sites/samurai-university/app/public/wp-content/themes/samurai_university/front-page.php:339
Stack trace:
#0 /Users/nanzhiye/Local Sites/samurai-university/app/public/wp-includes/template-loader.php(106): include()
#1 /Users/nanzhiye/Local Sites/samurai-university/app/public/wp-blog-header.php(19): require_once('/Users/nanzhiye...')
#2 /Users/nanzhiye/Local Sites/samurai-university/app/public/index.php(17): require('/Users/nanzhiye...')
#3 {main}
  thrown in /Users/nanzhiye/Local Sites/samurai-university/app/public/wp-content/themes/samurai_university/front-page.php on line 339
[23-Feb-2022 11:18:40 UTC] PHP Parse error:  syntax error, unexpected end of file in /Users/nanzhiye/Local Sites/samurai-university/app/public/wp-content/themes/samurai_university/front-page.php on line 451
[23-Feb-2022 11:37:00 UTC] PHP Parse error:  syntax error, unexpected end of file in /Users/nanzhiye/Local Sites/samurai-university/app/public/wp-content/themes/samurai_university/front-page.php on line 450
[23-Feb-2022 11:44:34 UTC] PHP Parse error:  syntax error, unexpected end of file in /Users/nanzhiye/Local Sites/samurai-university/app/public/wp-content/themes/samurai_university/front-page.php on line 450
[23-Feb-2022 14:04:31 UTC] PHP Parse error:  syntax error, unexpected end of file in /Users/nanzhiye/Local Sites/samurai-university/app/public/wp-content/themes/samurai_university/front-page.php on line 450
[24-Feb-2022 01:23:16 UTC] PHP Parse error:  syntax error, unexpected end of file in /Users/nanzhiye/Local Sites/samurai-university/app/public/wp-content/themes/samurai_university/front-page.php on line 450
[24-Feb-2022 01:34:48 UTC] PHP Fatal error:  Uncaught Error: Call to undefined function add_theme_thumbnail_size() in /Users/nanzhiye/Local Sites/samurai-university/app/public/wp-content/themes/samurai_university/functions.php:21
Stack trace:
#0 /Users/nanzhiye/Local Sites/samurai-university/app/public/wp-includes/class-wp-hook.php(307): theme_setup('')
#1 /Users/nanzhiye/Local Sites/samurai-university/app/public/wp-includes/class-wp-hook.php(331): WP_Hook->apply_filters(NULL, Array)
#2 /Users/nanzhiye/Local Sites/samurai-university/app/public/wp-includes/plugin.php(474): WP_Hook->do_action(Array)
#3 /Users/nanzhiye/Local Sites/samurai-university/app/public/wp-settings.php(565): do_action('after_setup_the...')
#4 /Users/nanzhiye/Local Sites/samurai-university/app/public/wp-config.php(77): require_once('/Users/nanzhiye...')
#5 /Users/nanzhiye/Local Sites/samurai-university/app/public/wp-load.php(50): require_once('/Users/nanzhiye...')
#6 /Users/nanzhiye/Local Sites/samurai-university/app/public/wp-admin/admin-ajax.php(22): require_once('/Users/nanzhiye.. in /Users/nanzhiye/Local Sites/samurai-university/app/public/wp-content/themes/samurai_university/functions.php on line 21
[24-Feb-2022 01:34:50 UTC] PHP Fatal error:  Uncaught Error: Call to undefined function add_theme_thumbnail_size() in /Users/nanzhiye/Local Sites/samurai-university/app/public/wp-content/themes/samurai_university/functions.php:21
Stack trace:
#0 /Users/nanzhiye/Local Sites/samurai-university/app/public/wp-includes/class-wp-hook.php(307): theme_setup('')
#1 /Users/nanzhiye/Local Sites/samurai-university/app/public/wp-includes/class-wp-hook.php(331): WP_Hook->apply_filters(NULL, Array)
#2 /Users/nanzhiye/Local Sites/samurai-university/app/public/wp-includes/plugin.php(474): WP_Hook->do_action(Array)
#3 /Users/nanzhiye/Local Sites/samurai-university/app/public/wp-settings.php(565): do_action('after_setup_the...')
#4 /Users/nanzhiye/Local Sites/samurai-university/app/public/wp-config.php(77): require_once('/Users/nanzhiye...')
#5 /Users/nanzhiye/Local Sites/samurai-university/app/public/wp-load.php(50): require_once('/Users/nanzhiye...')
#6 /Users/nanzhiye/Local Sites/samurai-university/app/public/wp-admin/admin-ajax.php(22): require_once('/Users/nanzhiye.. in /Users/nanzhiye/Local Sites/samurai-university/app/public/wp-content/themes/samurai_university/functions.php on line 21
[24-Feb-2022 01:34:51 UTC] PHP Fatal error:  Uncaught Error: Call to undefined function add_theme_thumbnail_size() in /Users/nanzhiye/Local Sites/samurai-university/app/public/wp-content/themes/samurai_university/functions.php:21
Stack trace:
#0 /Users/nanzhiye/Local Sites/samurai-university/app/public/wp-includes/class-wp-hook.php(307): theme_setup('')
#1 /Users/nanzhiye/Local Sites/samurai-university/app/public/wp-includes/class-wp-hook.php(331): WP_Hook->apply_filters(NULL, Array)
#2 /Users/nanzhiye/Local Sites/samurai-university/app/public/wp-includes/plugin.php(474): WP_Hook->do_action(Array)
#3 /Users/nanzhiye/Local Sites/samurai-university/app/public/wp-settings.php(565): do_action('after_setup_the...')
#4 /Users/nanzhiye/Local Sites/samurai-university/app/public/wp-config.php(77): require_once('/Users/nanzhiye...')
#5 /Users/nanzhiye/Local Sites/samurai-university/app/public/wp-load.php(50): require_once('/Users/nanzhiye...')
#6 /Users/nanzhiye/Local Sites/samurai-university/app/public/wp-admin/admin.php(34): require_once('/Users/nanzhiye...')
# in /Users/nanzhiye/Local Sites/samurai-university/app/public/wp-content/themes/samurai_university/functions.php on line 21
[24-Feb-2022 01:34:56 UTC] PHP Fatal error:  Uncaught Error: Call to undefined function add_theme_thumbnail_size() in /Users/nanzhiye/Local Sites/samurai-university/app/public/wp-content/themes/samurai_university/functions.php:21
Stack trace:
#0 /Users/nanzhiye/Local Sites/samurai-university/app/public/wp-includes/class-wp-hook.php(307): theme_setup('')
#1 /Users/nanzhiye/Local Sites/samurai-university/app/public/wp-includes/class-wp-hook.php(331): WP_Hook->apply_filters(NULL, Array)
#2 /Users/nanzhiye/Local Sites/samurai-university/app/public/wp-includes/plugin.php(474): WP_Hook->do_action(Array)
#3 /Users/nanzhiye/Local Sites/samurai-university/app/public/wp-settings.php(565): do_action('after_setup_the...')
#4 /Users/nanzhiye/Local Sites/samurai-university/app/public/wp-config.php(77): require_once('/Users/nanzhiye...')
#5 /Users/nanzhiye/Local Sites/samurai-university/app/public/wp-load.php(50): require_once('/Users/nanzhiye...')
#6 /Users/nanzhiye/Local Sites/samurai-university/app/public/wp-admin/admin-ajax.php(22): require_once('/Users/nanzhiye.. in /Users/nanzhiye/Local Sites/samurai-university/app/public/wp-content/themes/samurai_university/functions.php on line 21
[24-Feb-2022 01:35:02 UTC] PHP Fatal error:  Uncaught Error: Call to undefined function add_theme_thumbnail_size() in /Users/nanzhiye/Local Sites/samurai-university/app/public/wp-content/themes/samurai_university/functions.php:21
Stack trace:
#0 /Users/nanzhiye/Local Sites/samurai-university/app/public/wp-includes/class-wp-hook.php(307): theme_setup('')
#1 /Users/nanzhiye/Local Sites/samurai-university/app/public/wp-includes/class-wp-hook.php(331): WP_Hook->apply_filters(NULL, Array)
#2 /Users/nanzhiye/Local Sites/samurai-university/app/public/wp-includes/plugin.php(474): WP_Hook->do_action(Array)
#3 /Users/nanzhiye/Local Sites/samurai-university/app/public/wp-settings.php(565): do_action('after_setup_the...')
#4 /Users/nanzhiye/Local Sites/samurai-university/app/public/wp-config.php(77): require_once('/Users/nanzhiye...')
#5 /Users/nanzhiye/Local Sites/samurai-university/app/public/wp-load.php(50): require_once('/Users/nanzhiye...')
#6 /Users/nanzhiye/Local Sites/samurai-university/app/public/wp-admin/admin-ajax.php(22): require_once('/Users/nanzhiye.. in /Users/nanzhiye/Local Sites/samurai-university/app/public/wp-content/themes/samurai_university/functions.php on line 21
[24-Feb-2022 01:35:03 UTC] PHP Fatal error:  Uncaught Error: Call to undefined function add_theme_thumbnail_size() in /Users/nanzhiye/Local Sites/samurai-university/app/public/wp-content/themes/samurai_university/functions.php:21
Stack trace:
#0 /Users/nanzhiye/Local Sites/samurai-university/app/public/wp-includes/class-wp-hook.php(307): theme_setup('')
#1 /Users/nanzhiye/Local Sites/samurai-university/app/public/wp-includes/class-wp-hook.php(331): WP_Hook->apply_filters(NULL, Array)
#2 /Users/nanzhiye/Local Sites/samurai-university/app/public/wp-includes/plugin.php(474): WP_Hook->do_action(Array)
#3 /Users/nanzhiye/Local Sites/samurai-university/app/public/wp-settings.php(565): do_action('after_setup_the...')
#4 /Users/nanzhiye/Local Sites/samurai-university/app/public/wp-config.php(77): require_once('/Users/nanzhiye...')
#5 /Users/nanzhiye/Local Sites/samurai-university/app/public/wp-load.php(50): require_once('/Users/nanzhiye...')
#6 /Users/nanzhiye/Local Sites/samurai-university/app/public/wp-admin/admin-ajax.php(22): require_once('/Users/nanzhiye.. in /Users/nanzhiye/Local Sites/samurai-university/app/public/wp-content/themes/samurai_university/functions.php on line 21
[24-Feb-2022 01:35:05 UTC] PHP Fatal error:  Uncaught Error: Call to undefined function add_theme_thumbnail_size() in /Users/nanzhiye/Local Sites/samurai-university/app/public/wp-content/themes/samurai_university/functions.php:21
Stack trace:
#0 /Users/nanzhiye/Local Sites/samurai-university/app/public/wp-includes/class-wp-hook.php(307): theme_setup('')
#1 /Users/nanzhiye/Local Sites/samurai-university/app/public/wp-includes/class-wp-hook.php(331): WP_Hook->apply_filters(NULL, Array)
#2 /Users/nanzhiye/Local Sites/samurai-university/app/public/wp-includes/plugin.php(474): WP_Hook->do_action(Array)
#3 /Users/nanzhiye/Local Sites/samurai-university/app/public/wp-settings.php(565): do_action('after_setup_the...')
#4 /Users/nanzhiye/Local Sites/samurai-university/app/public/wp-config.php(77): require_once('/Users/nanzhiye...')
#5 /Users/nanzhiye/Local Sites/samurai-university/app/public/wp-load.php(50): require_once('/Users/nanzhiye...')
#6 /Users/nanzhiye/Local Sites/samurai-university/app/public/wp-admin/admin.php(34): require_once('/Users/nanzhiye...')
# in /Users/nanzhiye/Local Sites/samurai-university/app/public/wp-content/themes/samurai_university/functions.php on line 21
[24-Feb-2022 01:35:11 UTC] PHP Fatal error:  Uncaught Error: Call to undefined function add_theme_thumbnail_size() in /Users/nanzhiye/Local Sites/samurai-university/app/public/wp-content/themes/samurai_university/functions.php:21
Stack trace:
#0 /Users/nanzhiye/Local Sites/samurai-university/app/public/wp-includes/class-wp-hook.php(307): theme_setup('')
#1 /Users/nanzhiye/Local Sites/samurai-university/app/public/wp-includes/class-wp-hook.php(331): WP_Hook->apply_filters(NULL, Array)
#2 /Users/nanzhiye/Local Sites/samurai-university/app/public/wp-includes/plugin.php(474): WP_Hook->do_action(Array)
#3 /Users/nanzhiye/Local Sites/samurai-university/app/public/wp-settings.php(565): do_action('after_setup_the...')
#4 /Users/nanzhiye/Local Sites/samurai-university/app/public/wp-config.php(77): require_once('/Users/nanzhiye...')
#5 /Users/nanzhiye/Local Sites/samurai-university/app/public/wp-load.php(50): require_once('/Users/nanzhiye...')
#6 /Users/nanzhiye/Local Sites/samurai-university/app/public/wp-admin/admin.php(34): require_once('/Users/nanzhiye...')
# in /Users/nanzhiye/Local Sites/samurai-university/app/public/wp-content/themes/samurai_university/functions.php on line 21
[24-Feb-2022 01:36:03 UTC] PHP Fatal error:  Uncaught Error: Call to undefined function add_theme_thumbnail_size() in /Users/nanzhiye/Local Sites/samurai-university/app/public/wp-content/themes/samurai_university/functions.php:21
Stack trace:
#0 /Users/nanzhiye/Local Sites/samurai-university/app/public/wp-includes/class-wp-hook.php(307): theme_setup('')
#1 /Users/nanzhiye/Local Sites/samurai-university/app/public/wp-includes/class-wp-hook.php(331): WP_Hook->apply_filters(NULL, Array)
#2 /Users/nanzhiye/Local Sites/samurai-university/app/public/wp-includes/plugin.php(474): WP_Hook->do_action(Array)
#3 /Users/nanzhiye/Local Sites/samurai-university/app/public/wp-settings.php(565): do_action('after_setup_the...')
#4 /Users/nanzhiye/Local Sites/samurai-university/app/public/wp-config.php(77): require_once('/Users/nanzhiye...')
#5 /Users/nanzhiye/Local Sites/samurai-university/app/public/wp-load.php(50): require_once('/Users/nanzhiye...')
#6 /Users/nanzhiye/Local Sites/samurai-university/app/public/wp-admin/admin-ajax.php(22): require_once('/Users/nanzhiye.. in /Users/nanzhiye/Local Sites/samurai-university/app/public/wp-content/themes/samurai_university/functions.php on line 21
[24-Feb-2022 01:37:03 UTC] PHP Fatal error:  Uncaught Error: Call to undefined function add_theme_thumbnail_size() in /Users/nanzhiye/Local Sites/samurai-university/app/public/wp-content/themes/samurai_university/functions.php:21
Stack trace:
#0 /Users/nanzhiye/Local Sites/samurai-university/app/public/wp-includes/class-wp-hook.php(307): theme_setup('')
#1 /Users/nanzhiye/Local Sites/samurai-university/app/public/wp-includes/class-wp-hook.php(331): WP_Hook->apply_filters(NULL, Array)
#2 /Users/nanzhiye/Local Sites/samurai-university/app/public/wp-includes/plugin.php(474): WP_Hook->do_action(Array)
#3 /Users/nanzhiye/Local Sites/samurai-university/app/public/wp-settings.php(565): do_action('after_setup_the...')
#4 /Users/nanzhiye/Local Sites/samurai-university/app/public/wp-config.php(77): require_once('/Users/nanzhiye...')
#5 /Users/nanzhiye/Local Sites/samurai-university/app/public/wp-load.php(50): require_once('/Users/nanzhiye...')
#6 /Users/nanzhiye/Local Sites/samurai-university/app/public/wp-admin/admin-ajax.php(22): require_once('/Users/nanzhiye.. in /Users/nanzhiye/Local Sites/samurai-university/app/public/wp-content/themes/samurai_university/functions.php on line 21
[24-Feb-2022 01:39:04 UTC] PHP Fatal error:  Uncaught Error: Call to undefined function add_theme_thumbnail_size() in /Users/nanzhiye/Local Sites/samurai-university/app/public/wp-content/themes/samurai_university/functions.php:21
Stack trace:
#0 /Users/nanzhiye/Local Sites/samurai-university/app/public/wp-includes/class-wp-hook.php(307): theme_setup('')
#1 /Users/nanzhiye/Local Sites/samurai-university/app/public/wp-includes/class-wp-hook.php(331): WP_Hook->apply_filters(NULL, Array)
#2 /Users/nanzhiye/Local Sites/samurai-university/app/public/wp-includes/plugin.php(474): WP_Hook->do_action(Array)
#3 /Users/nanzhiye/Local Sites/samurai-university/app/public/wp-settings.php(565): do_action('after_setup_the...')
#4 /Users/nanzhiye/Local Sites/samurai-university/app/public/wp-config.php(77): require_once('/Users/nanzhiye...')
#5 /Users/nanzhiye/Local Sites/samurai-university/app/public/wp-load.php(50): require_once('/Users/nanzhiye...')
#6 /Users/nanzhiye/Local Sites/samurai-university/app/public/wp-admin/admin-ajax.php(22): require_once('/Users/nanzhiye.. in /Users/nanzhiye/Local Sites/samurai-university/app/public/wp-content/themes/samurai_university/functions.php on line 21
[24-Feb-2022 01:58:21 UTC] PHP Fatal error:  Uncaught Error: Call to undefined function add_theme_thumbnail_size() in /Users/nanzhiye/Local Sites/samurai-university/app/public/wp-content/themes/samurai_university/functions.php:21
Stack trace:
#0 /Users/nanzhiye/Local Sites/samurai-university/app/public/wp-includes/class-wp-hook.php(307): theme_setup('')
#1 /Users/nanzhiye/Local Sites/samurai-university/app/public/wp-includes/class-wp-hook.php(331): WP_Hook->apply_filters(NULL, Array)
#2 /Users/nanzhiye/Local Sites/samurai-university/app/public/wp-includes/plugin.php(474): WP_Hook->do_action(Array)
#3 /Users/nanzhiye/Local Sites/samurai-university/app/public/wp-settings.php(565): do_action('after_setup_the...')
#4 /Users/nanzhiye/Local Sites/samurai-university/app/public/wp-config.php(77): require_once('/Users/nanzhiye...')
#5 /Users/nanzhiye/Local Sites/samurai-university/app/public/wp-load.php(50): require_once('/Users/nanzhiye...')
#6 /Users/nanzhiye/Local Sites/samurai-university/app/public/wp-admin/admin-ajax.php(22): require_once('/Users/nanzhiye.. in /Users/nanzhiye/Local Sites/samurai-university/app/public/wp-content/themes/samurai_university/functions.php on line 21
[24-Feb-2022 07:32:49 UTC] PHP Fatal error:  Uncaught Error: Call to undefined function add_theme_thumbnail_size() in /Users/nanzhiye/Local Sites/samurai-university/app/public/wp-content/themes/samurai_university/functions.php:21
Stack trace:
#0 /Users/nanzhiye/Local Sites/samurai-university/app/public/wp-includes/class-wp-hook.php(307): theme_setup('')
#1 /Users/nanzhiye/Local Sites/samurai-university/app/public/wp-includes/class-wp-hook.php(331): WP_Hook->apply_filters(NULL, Array)
#2 /Users/nanzhiye/Local Sites/samurai-university/app/public/wp-includes/plugin.php(474): WP_Hook->do_action(Array)
#3 /Users/nanzhiye/Local Sites/samurai-university/app/public/wp-settings.php(565): do_action('after_setup_the...')
#4 /Users/nanzhiye/Local Sites/samurai-university/app/public/wp-config.php(77): require_once('/Users/nanzhiye...')
#5 /Users/nanzhiye/Local Sites/samurai-university/app/public/wp-load.php(50): require_once('/Users/nanzhiye...')
#6 /Users/nanzhiye/Local Sites/samurai-university/app/public/wp-admin/admin-ajax.php(22): require_once('/Users/nanzhiye.. in /Users/nanzhiye/Local Sites/samurai-university/app/public/wp-content/themes/samurai_university/functions.php on line 21
[24-Feb-2022 07:32:55 UTC] PHP Fatal error:  Uncaught Error: Call to undefined function add_theme_thumbnail_size() in /Users/nanzhiye/Local Sites/samurai-university/app/public/wp-content/themes/samurai_university/functions.php:21
Stack trace:
#0 /Users/nanzhiye/Local Sites/samurai-university/app/public/wp-includes/class-wp-hook.php(307): theme_setup('')
#1 /Users/nanzhiye/Local Sites/samurai-university/app/public/wp-includes/class-wp-hook.php(331): WP_Hook->apply_filters(NULL, Array)
#2 /Users/nanzhiye/Local Sites/samurai-university/app/public/wp-includes/plugin.php(474): WP_Hook->do_action(Array)
#3 /Users/nanzhiye/Local Sites/samurai-university/app/public/wp-settings.php(565): do_action('after_setup_the...')
#4 /Users/nanzhiye/Local Sites/samurai-university/app/public/wp-config.php(77): require_once('/Users/nanzhiye...')
#5 /Users/nanzhiye/Local Sites/samurai-university/app/public/wp-load.php(50): require_once('/Users/nanzhiye...')
#6 /Users/nanzhiye/Local Sites/samurai-university/app/public/wp-blog-header.php(13): require_once('/Users/nanzhiye...')
# in /Users/nanzhiye/Local Sites/samurai-university/app/public/wp-content/themes/samurai_university/functions.php on line 21
[24-Feb-2022 07:33:49 UTC] PHP Fatal error:  Uncaught Error: Call to undefined function add_theme_thumbnail_size() in /Users/nanzhiye/Local Sites/samurai-university/app/public/wp-content/themes/samurai_university/functions.php:21
Stack trace:
#0 /Users/nanzhiye/Local Sites/samurai-university/app/public/wp-includes/class-wp-hook.php(307): theme_setup('')
#1 /Users/nanzhiye/Local Sites/samurai-university/app/public/wp-includes/class-wp-hook.php(331): WP_Hook->apply_filters(NULL, Array)
#2 /Users/nanzhiye/Local Sites/samurai-university/app/public/wp-includes/plugin.php(474): WP_Hook->do_action(Array)
#3 /Users/nanzhiye/Local Sites/samurai-university/app/public/wp-settings.php(565): do_action('after_setup_the...')
#4 /Users/nanzhiye/Local Sites/samurai-university/app/public/wp-config.php(77): require_once('/Users/nanzhiye...')
#5 /Users/nanzhiye/Local Sites/samurai-university/app/public/wp-load.php(50): require_once('/Users/nanzhiye...')
#6 /Users/nanzhiye/Local Sites/samurai-university/app/public/wp-admin/admin-ajax.php(22): require_once('/Users/nanzhiye.. in /Users/nanzhiye/Local Sites/samurai-university/app/public/wp-content/themes/samurai_university/functions.php on line 21
[24-Feb-2022 07:35:49 UTC] PHP Fatal error:  Uncaught Error: Call to undefined function add_theme_thumbnail_size() in /Users/nanzhiye/Local Sites/samurai-university/app/public/wp-content/themes/samurai_university/functions.php:21
Stack trace:
#0 /Users/nanzhiye/Local Sites/samurai-university/app/public/wp-includes/class-wp-hook.php(307): theme_setup('')
#1 /Users/nanzhiye/Local Sites/samurai-university/app/public/wp-includes/class-wp-hook.php(331): WP_Hook->apply_filters(NULL, Array)
#2 /Users/nanzhiye/Local Sites/samurai-university/app/public/wp-includes/plugin.php(474): WP_Hook->do_action(Array)
#3 /Users/nanzhiye/Local Sites/samurai-university/app/public/wp-settings.php(565): do_action('after_setup_the...')
#4 /Users/nanzhiye/Local Sites/samurai-university/app/public/wp-config.php(77): require_once('/Users/nanzhiye...')
#5 /Users/nanzhiye/Local Sites/samurai-university/app/public/wp-load.php(50): require_once('/Users/nanzhiye...')
#6 /Users/nanzhiye/Local Sites/samurai-university/app/public/wp-admin/admin-ajax.php(22): require_once('/Users/nanzhiye.. in /Users/nanzhiye/Local Sites/samurai-university/app/public/wp-content/themes/samurai_university/functions.php on line 21
[24-Feb-2022 07:36:49 UTC] PHP Fatal error:  Uncaught Error: Call to undefined function add_theme_thumbnail_size() in /Users/nanzhiye/Local Sites/samurai-university/app/public/wp-content/themes/samurai_university/functions.php:21
Stack trace:
#0 /Users/nanzhiye/Local Sites/samurai-university/app/public/wp-includes/class-wp-hook.php(307): theme_setup('')
#1 /Users/nanzhiye/Local Sites/samurai-university/app/public/wp-includes/class-wp-hook.php(331): WP_Hook->apply_filters(NULL, Array)
#2 /Users/nanzhiye/Local Sites/samurai-university/app/public/wp-includes/plugin.php(474): WP_Hook->do_action(Array)
#3 /Users/nanzhiye/Local Sites/samurai-university/app/public/wp-settings.php(565): do_action('after_setup_the...')
#4 /Users/nanzhiye/Local Sites/samurai-university/app/public/wp-config.php(77): require_once('/Users/nanzhiye...')
#5 /Users/nanzhiye/Local Sites/samurai-university/app/public/wp-load.php(50): require_once('/Users/nanzhiye...')
#6 /Users/nanzhiye/Local Sites/samurai-university/app/public/wp-admin/admin-ajax.php(22): require_once('/Users/nanzhiye.. in /Users/nanzhiye/Local Sites/samurai-university/app/public/wp-content/themes/samurai_university/functions.php on line 21
[24-Feb-2022 07:38:49 UTC] PHP Fatal error:  Uncaught Error: Call to undefined function add_theme_thumbnail_size() in /Users/nanzhiye/Local Sites/samurai-university/app/public/wp-content/themes/samurai_university/functions.php:21
Stack trace:
#0 /Users/nanzhiye/Local Sites/samurai-university/app/public/wp-includes/class-wp-hook.php(307): theme_setup('')
#1 /Users/nanzhiye/Local Sites/samurai-university/app/public/wp-includes/class-wp-hook.php(331): WP_Hook->apply_filters(NULL, Array)
#2 /Users/nanzhiye/Local Sites/samurai-university/app/public/wp-includes/plugin.php(474): WP_Hook->do_action(Array)
#3 /Users/nanzhiye/Local Sites/samurai-university/app/public/wp-settings.php(565): do_action('after_setup_the...')
#4 /Users/nanzhiye/Local Sites/samurai-university/app/public/wp-config.php(77): require_once('/Users/nanzhiye...')
#5 /Users/nanzhiye/Local Sites/samurai-university/app/public/wp-load.php(50): require_once('/Users/nanzhiye...')
#6 /Users/nanzhiye/Local Sites/samurai-university/app/public/wp-admin/admin-ajax.php(22): require_once('/Users/nanzhiye.. in /Users/nanzhiye/Local Sites/samurai-university/app/public/wp-content/themes/samurai_university/functions.php on line 21
[24-Feb-2022 07:39:00 UTC] PHP Fatal error:  Uncaught Error: Call to undefined function add_theme_thumbnail_size() in /Users/nanzhiye/Local Sites/samurai-university/app/public/wp-content/themes/samurai_university/functions.php:21
Stack trace:
#0 /Users/nanzhiye/Local Sites/samurai-university/app/public/wp-includes/class-wp-hook.php(307): theme_setup('')
#1 /Users/nanzhiye/Local Sites/samurai-university/app/public/wp-includes/class-wp-hook.php(331): WP_Hook->apply_filters(NULL, Array)
#2 /Users/nanzhiye/Local Sites/samurai-university/app/public/wp-includes/plugin.php(474): WP_Hook->do_action(Array)
#3 /Users/nanzhiye/Local Sites/samurai-university/app/public/wp-settings.php(565): do_action('after_setup_the...')
#4 /Users/nanzhiye/Local Sites/samurai-university/app/public/wp-config.php(77): require_once('/Users/nanzhiye...')
#5 /Users/nanzhiye/Local Sites/samurai-university/app/public/wp-load.php(50): require_once('/Users/nanzhiye...')
#6 /Users/nanzhiye/Local Sites/samurai-university/app/public/wp-admin/admin.php(34): require_once('/Users/nanzhiye...')
# in /Users/nanzhiye/Local Sites/samurai-university/app/public/wp-content/themes/samurai_university/functions.php on line 21
[24-Feb-2022 08:55:32 UTC] PHP Fatal error:  Uncaught Error: Call to undefined function add_theme_thumbnail_size() in /Users/nanzhiye/Local Sites/samurai-university/app/public/wp-content/themes/samurai_university/functions.php:21
Stack trace:
#0 /Users/nanzhiye/Local Sites/samurai-university/app/public/wp-includes/class-wp-hook.php(307): theme_setup('')
#1 /Users/nanzhiye/Local Sites/samurai-university/app/public/wp-includes/class-wp-hook.php(331): WP_Hook->apply_filters(NULL, Array)
#2 /Users/nanzhiye/Local Sites/samurai-university/app/public/wp-includes/plugin.php(474): WP_Hook->do_action(Array)
#3 /Users/nanzhiye/Local Sites/samurai-university/app/public/wp-settings.php(565): do_action('after_setup_the...')
#4 /Users/nanzhiye/Local Sites/samurai-university/app/public/wp-config.php(77): require_once('/Users/nanzhiye...')
#5 /Users/nanzhiye/Local Sites/samurai-university/app/public/wp-load.php(50): require_once('/Users/nanzhiye...')
#6 /Users/nanzhiye/Local Sites/samurai-university/app/public/wp-admin/admin.php(34): require_once('/Users/nanzhiye...')
# in /Users/nanzhiye/Local Sites/samurai-university/app/public/wp-content/themes/samurai_university/functions.php on line 21
[24-Feb-2022 08:55:42 UTC] PHP Fatal error:  Uncaught Error: Call to undefined function add_theme_thumbnail_size() in /Users/nanzhiye/Local Sites/samurai-university/app/public/wp-content/themes/samurai_university/functions.php:21
Stack trace:
#0 /Users/nanzhiye/Local Sites/samurai-university/app/public/wp-includes/class-wp-hook.php(307): theme_setup('')
#1 /Users/nanzhiye/Local Sites/samurai-university/app/public/wp-includes/class-wp-hook.php(331): WP_Hook->apply_filters(NULL, Array)
#2 /Users/nanzhiye/Local Sites/samurai-university/app/public/wp-includes/plugin.php(474): WP_Hook->do_action(Array)
#3 /Users/nanzhiye/Local Sites/samurai-university/app/public/wp-settings.php(565): do_action('after_setup_the...')
#4 /Users/nanzhiye/Local Sites/samurai-university/app/public/wp-config.php(77): require_once('/Users/nanzhiye...')
#5 /Users/nanzhiye/Local Sites/samurai-university/app/public/wp-load.php(50): require_once('/Users/nanzhiye...')
#6 /Users/nanzhiye/Local Sites/samurai-university/app/public/wp-admin/admin.php(34): require_once('/Users/nanzhiye...')
# in /Users/nanzhiye/Local Sites/samurai-university/app/public/wp-content/themes/samurai_university/functions.php on line 21
